Arguments: 
  /Users/sebastianjeong/.nvm/versions/node/v16.13.0/bin/node /usr/local/Cellar/yarn/1.22.17/libexec/bin/yarn.js init

PATH: 
  /Users/sebastianjeong/.rvm/gems/ruby-3.0.0/bin:/Users/sebastianjeong/.rvm/gems/ruby-3.0.0@global/bin:/Users/sebastianjeong/.rvm/rubies/ruby-3.0.0/bin:/Applications/Sublime Text.app/Contents/SharedSupport/bin:/Users/sebastianjeong/.nvm/versions/node/v16.13.0/bin:/usr/local/opt/sqlite/bin:/usr/local/bin:/usr/bin:/bin:/usr/sbin:/sbin:/usr/local/go/bin:/usr/local/share/dotnet:~/.dotnet/tools:/Library/Apple/usr/bin:/Applications/Wireshark.app/Contents/MacOS:/Users/sebastianjeong/.zsh/misc:/Users/sebastianjeong/.rvm/gems/ruby-3.0.0/bin:/Users/sebastianjeong/.rvm/gems/ruby-3.0.0@global/bin:/Users/sebastianjeong/.rvm/rubies/ruby-3.0.0/bin:/Applications/Sublime Text.app/Contents/SharedSupport/bin:/Users/sebastianjeong/.nvm/versions/node/v16.13.0/bin:/usr/local/opt/sqlite/bin:/Users/sebastianjeong/.fzf/bin:/Users/sebastianjeong/.rvm/bin:/Users/sebastianjeong/.dotnet/tools:/Users/sebastianjeong/flutter/bin:/Users/sebastianjeong/.rvm/bin:/Users/sebastianjeong/.dotnet/tools:/Users/sebastianjeong/flutter/bin

Yarn version: 
  1.22.17

Node version: 
  16.13.0

Platform: 
  darwin x64

Trace: 
  Error: canceled
      at Interface.<anonymous> (/usr/local/Cellar/yarn/1.22.17/libexec/lib/cli.js:137143:13)
      at Interface.emit (node:events:390:28)
      at Interface._ttyWrite (node:readline:1081:16)
      at ReadStream.onkeypress (node:readline:288:10)
      at ReadStream.emit (node:events:390:28)
      at emitKeys (node:internal/readline/utils:358:14)
      at emitKeys.next (<anonymous>)
      at ReadStream.onData (node:internal/readline/emitKeypressEvents:61:36)
      at ReadStream.emit (node:events:390:28)
      at addChunk (node:internal/streams/readable:315:12)

npm manifest: 
  No manifest

yarn manifest: 
  No manifest

Lockfile: 
  No lockfile
